<?xml version="1.0" encoding="UTF-8"?>
<!-- Generated by org.testng.reporters.JUnitXMLReporter -->
<testsuite ignored="0" hostname="LAPTOP-PLNO5R2G" failures="0" tests="22" name="Rediff S1 Test Cases" time="262.636" errors="0" timestamp="2024-03-27T14:31:36 PDT">
  <testcase classname="com.rediff.S1.testcases.Landing_Page_Test" name="validateCurrentUrlAndTile" time="0.048"/>
  <testcase classname="com.rediff.S1.testcases.Landing_Page_Test" name="signInButtonIsDisplayedAndEnabled" time="0.084"/>
  <testcase classname="com.rediff.S1.testcases.Landing_Page_Test" name="rediffLogoIsDisplayed" time="0.043"/>
  <testcase classname="com.rediff.S1.testcases.Sign_In_Link_Page_Test" name="signInLinkButtonIsDisplayed" time="0.049"/>
  <testcase classname="com.rediff.S1.testcases.Login_Page_Test" name="loginWithValidCredentials" time="12.708"/>
  <testcase classname="com.rediff.S1.testcases.Login_Page_Test" name="loginWithValidCredentials" time="9.972"/>
  <testcase classname="com.rediff.S1.testcases.Login_Page_Test" name="loginWithValidCredentials" time="11.545"/>
  <testcase classname="com.rediff.S1.testcases.Login_Page_Test" name="loginWithValidCredentials" time="12.088"/>
  <testcase classname="com.rediff.S1.testcases.Login_Page_Test" name="loginWithValidCredentials" time="12.943"/>
  <testcase classname="com.rediff.S1.testcases.Login_Page_Test" name="loginWithValidCredentialsUsingDataProviderExcelSheet" time="11.852"/>
  <testcase classname="com.rediff.S1.testcases.Login_Page_Test" name="loginWithValidCredentialsUsingDataProviderExcelSheet" time="9.359"/>
  <testcase classname="com.rediff.S1.testcases.Login_Page_Test" name="loginWithValidCredentialsUsingDataProviderExcelSheet" time="9.685"/>
  <testcase classname="com.rediff.S1.testcases.Login_Page_Test" name="loginWithValidCredentialsUsingDataProviderExcelSheet" time="11.508"/>
  <testcase classname="com.rediff.S1.testcases.Login_Page_Test" name="loginWithValidCredentialsUsingDataProviderExcelSheet" time="11.424"/>
  <testcase classname="com.rediff.S1.testcases.Login_Page_Test" name="loginWithInvalidCredetials" time="2.239"/>
  <testcase classname="com.rediff.S1.testcases.Login_Page_Test" name="loginWithValidUsernameInvalidPassword" time="7.329"/>
  <testcase classname="com.rediff.S1.testcases.Login_Page_Test" name="loginWithInValidUsernameValidPassword" time="2.246"/>
  <testcase classname="com.rediff.S1.testcases.Login_Page_Test" name="loginWithNoCredentials" time="1.238"/>
  <testcase classname="com.rediff.S1.testcases.Inbox_Page_Test" name="presenceOfInboxButton" time="9.525"/>
  <testcase classname="com.rediff.S1.testcases.Logout_Page_Test" name="signOutMessageIsDisplayed" time="14.28"/>
  <testcase classname="com.rediff.S1.testcases.Rediff_Home_Button_Page_Test" name="presenceOfRediffLogo" time="12.589"/>
  <testcase classname="com.rediff.S1.testcases.Links_Page_Test" name="linkTests" time="9.671"/>
</testsuite> <!-- Rediff S1 Test Cases -->
