<?xml version="1.0" encoding="UTF-8"?>
<!-- Generated by org.testng.reporters.JUnitXMLReporter -->
<testsuite ignored="0" hostname="LAPTOP-PLNO5R2G" failures="0" tests="22" name="Rediff S1 Test Cases" time="322.099" errors="0" timestamp="2024-03-25T11:00:48 PDT">
  <testcase classname="com.rediff.S1.testcases.Landing_Page_Test" name="validateCurrentUrlAndTile" time="0.211"/>
  <testcase classname="com.rediff.S1.testcases.Landing_Page_Test" name="signInButtonIsDisplayedAndEnabled" time="0.139"/>
  <testcase classname="com.rediff.S1.testcases.Landing_Page_Test" name="rediffLogoIsDisplayed" time="0.238"/>
  <testcase classname="com.rediff.S1.testcases.Sign_In_Link_Page_Test" name="signInLinkButtonIsDisplayed" time="0.116"/>
  <testcase classname="com.rediff.S1.testcases.Login_Page_Test" name="loginWithValidCredentials" time="17.328"/>
  <testcase classname="com.rediff.S1.testcases.Login_Page_Test" name="loginWithValidCredentials" time="13.906"/>
  <testcase classname="com.rediff.S1.testcases.Login_Page_Test" name="loginWithValidCredentials" time="9.896"/>
  <testcase classname="com.rediff.S1.testcases.Login_Page_Test" name="loginWithValidCredentials" time="12.03"/>
  <testcase classname="com.rediff.S1.testcases.Login_Page_Test" name="loginWithValidCredentials" time="12.117"/>
  <testcase classname="com.rediff.S1.testcases.Login_Page_Test" name="loginWithValidCredentialsUsingDataProviderExcelSheet" time="13.49"/>
  <testcase classname="com.rediff.S1.testcases.Login_Page_Test" name="loginWithValidCredentialsUsingDataProviderExcelSheet" time="11.811"/>
  <testcase classname="com.rediff.S1.testcases.Login_Page_Test" name="loginWithValidCredentialsUsingDataProviderExcelSheet" time="19.573"/>
  <testcase classname="com.rediff.S1.testcases.Login_Page_Test" name="loginWithValidCredentialsUsingDataProviderExcelSheet" time="14.253"/>
  <testcase classname="com.rediff.S1.testcases.Login_Page_Test" name="loginWithValidCredentialsUsingDataProviderExcelSheet" time="13.835"/>
  <testcase classname="com.rediff.S1.testcases.Login_Page_Test" name="loginWithInvalidCredetials" time="2.467"/>
  <testcase classname="com.rediff.S1.testcases.Login_Page_Test" name="loginWithValidUsernameInvalidPassword" time="10.483"/>
  <testcase classname="com.rediff.S1.testcases.Login_Page_Test" name="loginWithInValidUsernameValidPassword" time="2.329"/>
  <testcase classname="com.rediff.S1.testcases.Login_Page_Test" name="loginWithNoCredentials" time="1.35"/>
  <testcase classname="com.rediff.S1.testcases.Inbox_Page_Test" name="presenceOfInboxButton" time="8.718"/>
  <testcase classname="com.rediff.S1.testcases.Logout_Page_Test" name="signOutMessageIsDisplayed" time="12.73"/>
  <testcase classname="com.rediff.S1.testcases.Rediff_Home_Button_Page_Test" name="presenceOfRediffLogo" time="11.863"/>
  <testcase classname="com.rediff.S1.testcases.Links_Page_Test" name="linkTests" time="15.961"/>
</testsuite> <!-- Rediff S1 Test Cases -->
