<?xml version="1.0" encoding="UTF-8"?>
<testng-results ignored="0" total="22" passed="22" failed="0" skipped="0">
  <reporter-output>
  </reporter-output>
  <suite started-at="2024-03-25T10:55:26 PDT" name="Rediff Automation S1 Suite" finished-at="2024-03-25T11:00:48 PDT" duration-ms="322099">
    <groups>
    </groups>
    <test started-at="2024-03-25T10:55:26 PDT" name="Rediff S1 Test Cases" finished-at="2024-03-25T11:00:48 PDT" duration-ms="322099">
      <class name="com.rediff.S1.testcases.Landing_Page_Test">
        <test-method is-config="true" signature="setUp()[pri:0, instance:com.rediff.S1.testcases.Landing_Page_Test@595b007d]" started-at="2024-03-25T10:55:26 PDT" name="setUp" finished-at="2024-03-25T10:55:34 PDT" duration-ms="8241" status="PASS">
          <reporter-output>
          </reporter-output>
        </test-method> <!-- setUp -->
        <test-method signature="validateCurrentUrlAndTile()[pri:1, instance:com.rediff.S1.testcases.Landing_Page_Test@595b007d]" started-at="2024-03-25T10:55:34 PDT" name="validateCurrentUrlAndTile" finished-at="2024-03-25T10:55:34 PDT" duration-ms="211" status="PASS">
          <reporter-output>
          </reporter-output>
        </test-method> <!-- validateCurrentUrlAndTile -->
        <test-method is-config="true" signature="tearDown()[pri:0, instance:com.rediff.S1.testcases.Landing_Page_Test@595b007d]" started-at="2024-03-25T10:55:34 PDT" name="tearDown" finished-at="2024-03-25T10:55:34 PDT" duration-ms="177" status="PASS">
          <reporter-output>
          </reporter-output>
        </test-method> <!-- tearDown -->
        <test-method is-config="true" signature="setUp()[pri:0, instance:com.rediff.S1.testcases.Landing_Page_Test@595b007d]" started-at="2024-03-25T10:55:34 PDT" name="setUp" finished-at="2024-03-25T10:55:38 PDT" duration-ms="3944" status="PASS">
          <reporter-output>
          </reporter-output>
        </test-method> <!-- setUp -->
        <test-method signature="signInButtonIsDisplayedAndEnabled()[pri:2, instance:com.rediff.S1.testcases.Landing_Page_Test@595b007d]" started-at="2024-03-25T10:55:38 PDT" name="signInButtonIsDisplayedAndEnabled" finished-at="2024-03-25T10:55:39 PDT" duration-ms="139" status="PASS">
          <reporter-output>
          </reporter-output>
        </test-method> <!-- signInButtonIsDisplayedAndEnabled -->
        <test-method is-config="true" signature="tearDown()[pri:0, instance:com.rediff.S1.testcases.Landing_Page_Test@595b007d]" started-at="2024-03-25T10:55:39 PDT" name="tearDown" finished-at="2024-03-25T10:55:39 PDT" duration-ms="181" status="PASS">
          <reporter-output>
          </reporter-output>
        </test-method> <!-- tearDown -->
        <test-method is-config="true" signature="setUp()[pri:0, instance:com.rediff.S1.testcases.Landing_Page_Test@595b007d]" started-at="2024-03-25T10:55:39 PDT" name="setUp" finished-at="2024-03-25T10:55:42 PDT" duration-ms="3201" status="PASS">
          <reporter-output>
          </reporter-output>
        </test-method> <!-- setUp -->
        <test-method signature="rediffLogoIsDisplayed()[pri:3, instance:com.rediff.S1.testcases.Landing_Page_Test@595b007d]" started-at="2024-03-25T10:55:42 PDT" name="rediffLogoIsDisplayed" finished-at="2024-03-25T10:55:42 PDT" duration-ms="238" status="PASS">
          <reporter-output>
          </reporter-output>
        </test-method> <!-- rediffLogoIsDisplayed -->
        <test-method is-config="true" signature="tearDown()[pri:0, instance:com.rediff.S1.testcases.Landing_Page_Test@595b007d]" started-at="2024-03-25T10:55:42 PDT" name="tearDown" finished-at="2024-03-25T10:55:42 PDT" duration-ms="213" status="PASS">
          <reporter-output>
          </reporter-output>
        </test-method> <!-- tearDown -->
      </class> <!-- com.rediff.S1.testcases.Landing_Page_Test -->
      <class name="com.rediff.S1.testcases.Links_Page_Test">
        <test-method is-config="true" signature="setUp()[pri:0, instance:com.rediff.S1.testcases.Links_Page_Test@409bf450]" started-at="2024-03-25T11:00:29 PDT" name="setUp" finished-at="2024-03-25T11:00:32 PDT" duration-ms="2727" status="PASS">
          <reporter-output>
          </reporter-output>
        </test-method> <!-- setUp -->
        <test-method signature="linkTests()[pri:0, instance:com.rediff.S1.testcases.Links_Page_Test@409bf450]" started-at="2024-03-25T11:00:32 PDT" name="linkTests" finished-at="2024-03-25T11:00:48 PDT" duration-ms="15961" status="PASS">
          <reporter-output>
          </reporter-output>
        </test-method> <!-- linkTests -->
        <test-method is-config="true" signature="tearDown()[pri:0, instance:com.rediff.S1.testcases.Links_Page_Test@409bf450]" started-at="2024-03-25T11:00:48 PDT" name="tearDown" finished-at="2024-03-25T11:00:48 PDT" duration-ms="265" status="PASS">
          <reporter-output>
          </reporter-output>
        </test-method> <!-- tearDown -->
      </class> <!-- com.rediff.S1.testcases.Links_Page_Test -->
      <class name="com.rediff.S1.testcases.Login_Page_Test">
        <test-method is-config="true" signature="setUp()[pri:0, instance:com.rediff.S1.testcases.Login_Page_Test@74f0ea28]" started-at="2024-03-25T10:55:47 PDT" name="setUp" finished-at="2024-03-25T10:55:52 PDT" duration-ms="5788" status="PASS">
          <reporter-output>
          </reporter-output>
        </test-method> <!-- setUp -->
        <test-method signature="loginWithValidCredentials(java.lang.String,java.lang.String)[pri:1, instance:com.rediff.S1.testcases.Login_Page_Test@74f0ea28]" started-at="2024-03-25T10:55:52 PDT" name="loginWithValidCredentials" data-provider="RediffS1DataProviderSupply" finished-at="2024-03-25T10:56:10 PDT" duration-ms="17328" status="PASS">
          <params>
            <param index="0">
              <value>
                <![CDATA[chowdhurygs@rediffmail.com]]>
              </value>
            </param>
            <param index="1">
              <value>
                <![CDATA[Shajlee1@]]>
              </value>
            </param>
          </params>
          <reporter-output>
          </reporter-output>
        </test-method> <!-- loginWithValidCredentials -->
        <test-method is-config="true" signature="tearDown()[pri:0, instance:com.rediff.S1.testcases.Login_Page_Test@74f0ea28]" started-at="2024-03-25T10:56:10 PDT" name="tearDown" finished-at="2024-03-25T10:56:10 PDT" duration-ms="205" status="PASS">
          <reporter-output>
          </reporter-output>
        </test-method> <!-- tearDown -->
        <test-method is-config="true" signature="setUp()[pri:0, instance:com.rediff.S1.testcases.Login_Page_Test@74f0ea28]" started-at="2024-03-25T10:56:10 PDT" name="setUp" finished-at="2024-03-25T10:56:16 PDT" duration-ms="5890" status="PASS">
          <reporter-output>
          </reporter-output>
        </test-method> <!-- setUp -->
        <test-method signature="loginWithValidCredentials(java.lang.String,java.lang.String)[pri:1, instance:com.rediff.S1.testcases.Login_Page_Test@74f0ea28]" started-at="2024-03-25T10:56:16 PDT" name="loginWithValidCredentials" data-provider="RediffS1DataProviderSupply" finished-at="2024-03-25T10:56:30 PDT" duration-ms="13906" status="PASS">
          <params>
            <param index="0">
              <value>
                <![CDATA[seleniumpanda@rediffmail.com]]>
              </value>
            </param>
            <param index="1">
              <value>
                <![CDATA[Selenium@123]]>
              </value>
            </param>
          </params>
          <reporter-output>
          </reporter-output>
        </test-method> <!-- loginWithValidCredentials -->
        <test-method is-config="true" signature="tearDown()[pri:0, instance:com.rediff.S1.testcases.Login_Page_Test@74f0ea28]" started-at="2024-03-25T10:56:30 PDT" name="tearDown" finished-at="2024-03-25T10:56:30 PDT" duration-ms="238" status="PASS">
          <reporter-output>
          </reporter-output>
        </test-method> <!-- tearDown -->
        <test-method is-config="true" signature="setUp()[pri:0, instance:com.rediff.S1.testcases.Login_Page_Test@74f0ea28]" started-at="2024-03-25T10:56:30 PDT" name="setUp" finished-at="2024-03-25T10:56:36 PDT" duration-ms="5646" status="PASS">
          <reporter-output>
          </reporter-output>
        </test-method> <!-- setUp -->
        <test-method signature="loginWithValidCredentials(java.lang.String,java.lang.String)[pri:1, instance:com.rediff.S1.testcases.Login_Page_Test@74f0ea28]" started-at="2024-03-25T10:56:36 PDT" name="loginWithValidCredentials" data-provider="RediffS1DataProviderSupply" finished-at="2024-03-25T10:56:46 PDT" duration-ms="9896" status="PASS">
          <params>
            <param index="0">
              <value>
                <![CDATA[seleniumpanda1@rediffmail.com]]>
              </value>
            </param>
            <param index="1">
              <value>
                <![CDATA[Donkey@123]]>
              </value>
            </param>
          </params>
          <reporter-output>
          </reporter-output>
        </test-method> <!-- loginWithValidCredentials -->
        <test-method is-config="true" signature="tearDown()[pri:0, instance:com.rediff.S1.testcases.Login_Page_Test@74f0ea28]" started-at="2024-03-25T10:56:46 PDT" name="tearDown" finished-at="2024-03-25T10:56:46 PDT" duration-ms="200" status="PASS">
          <reporter-output>
          </reporter-output>
        </test-method> <!-- tearDown -->
        <test-method is-config="true" signature="setUp()[pri:0, instance:com.rediff.S1.testcases.Login_Page_Test@74f0ea28]" started-at="2024-03-25T10:56:46 PDT" name="setUp" finished-at="2024-03-25T10:56:50 PDT" duration-ms="4296" status="PASS">
          <reporter-output>
          </reporter-output>
        </test-method> <!-- setUp -->
        <test-method signature="loginWithValidCredentials(java.lang.String,java.lang.String)[pri:1, instance:com.rediff.S1.testcases.Login_Page_Test@74f0ea28]" started-at="2024-03-25T10:56:50 PDT" name="loginWithValidCredentials" data-provider="RediffS1DataProviderSupply" finished-at="2024-03-25T10:57:02 PDT" duration-ms="12030" status="PASS">
          <params>
            <param index="0">
              <value>
                <![CDATA[sarthakkumarpanda@rediffmail.com]]>
              </value>
            </param>
            <param index="1">
              <value>
                <![CDATA[Selenium@123]]>
              </value>
            </param>
          </params>
          <reporter-output>
          </reporter-output>
        </test-method> <!-- loginWithValidCredentials -->
        <test-method is-config="true" signature="tearDown()[pri:0, instance:com.rediff.S1.testcases.Login_Page_Test@74f0ea28]" started-at="2024-03-25T10:57:02 PDT" name="tearDown" finished-at="2024-03-25T10:57:02 PDT" duration-ms="210" status="PASS">
          <reporter-output>
          </reporter-output>
        </test-method> <!-- tearDown -->
        <test-method is-config="true" signature="setUp()[pri:0, instance:com.rediff.S1.testcases.Login_Page_Test@74f0ea28]" started-at="2024-03-25T10:57:02 PDT" name="setUp" finished-at="2024-03-25T10:57:07 PDT" duration-ms="4904" status="PASS">
          <reporter-output>
          </reporter-output>
        </test-method> <!-- setUp -->
        <test-method signature="loginWithValidCredentials(java.lang.String,java.lang.String)[pri:1, instance:com.rediff.S1.testcases.Login_Page_Test@74f0ea28]" started-at="2024-03-25T10:57:07 PDT" name="loginWithValidCredentials" data-provider="RediffS1DataProviderSupply" finished-at="2024-03-25T10:57:19 PDT" duration-ms="12117" status="PASS">
          <params>
            <param index="0">
              <value>
                <![CDATA[Mohamedboudguig@rediffmail.com]]>
              </value>
            </param>
            <param index="1">
              <value>
                <![CDATA[Medbdg0707@]]>
              </value>
            </param>
          </params>
          <reporter-output>
          </reporter-output>
        </test-method> <!-- loginWithValidCredentials -->
        <test-method is-config="true" signature="tearDown()[pri:0, instance:com.rediff.S1.testcases.Login_Page_Test@74f0ea28]" started-at="2024-03-25T10:57:19 PDT" name="tearDown" finished-at="2024-03-25T10:57:19 PDT" duration-ms="208" status="PASS">
          <reporter-output>
          </reporter-output>
        </test-method> <!-- tearDown -->
        <test-method is-config="true" signature="setUp()[pri:0, instance:com.rediff.S1.testcases.Login_Page_Test@74f0ea28]" started-at="2024-03-25T10:57:21 PDT" name="setUp" finished-at="2024-03-25T10:57:25 PDT" duration-ms="4560" status="PASS">
          <reporter-output>
          </reporter-output>
        </test-method> <!-- setUp -->
        <test-method signature="loginWithValidCredentialsUsingDataProviderExcelSheet(java.lang.String,java.lang.String)[pri:2, instance:com.rediff.S1.testcases.Login_Page_Test@74f0ea28]" started-at="2024-03-25T10:57:25 PDT" name="loginWithValidCredentialsUsingDataProviderExcelSheet" data-provider="RediffExcelDataWithDataProvider" finished-at="2024-03-25T10:57:39 PDT" duration-ms="13490" status="PASS">
          <params>
            <param index="0">
              <value>
                <![CDATA[chowdhurygs@rediffmail.com]]>
              </value>
            </param>
            <param index="1">
              <value>
                <![CDATA[Shajlee1@]]>
              </value>
            </param>
          </params>
          <reporter-output>
          </reporter-output>
        </test-method> <!-- loginWithValidCredentialsUsingDataProviderExcelSheet -->
        <test-method is-config="true" signature="tearDown()[pri:0, instance:com.rediff.S1.testcases.Login_Page_Test@74f0ea28]" started-at="2024-03-25T10:57:39 PDT" name="tearDown" finished-at="2024-03-25T10:57:39 PDT" duration-ms="279" status="PASS">
          <reporter-output>
          </reporter-output>
        </test-method> <!-- tearDown -->
        <test-method is-config="true" signature="setUp()[pri:0, instance:com.rediff.S1.testcases.Login_Page_Test@74f0ea28]" started-at="2024-03-25T10:57:39 PDT" name="setUp" finished-at="2024-03-25T10:57:44 PDT" duration-ms="5225" status="PASS">
          <reporter-output>
          </reporter-output>
        </test-method> <!-- setUp -->
        <test-method signature="loginWithValidCredentialsUsingDataProviderExcelSheet(java.lang.String,java.lang.String)[pri:2, instance:com.rediff.S1.testcases.Login_Page_Test@74f0ea28]" started-at="2024-03-25T10:57:44 PDT" name="loginWithValidCredentialsUsingDataProviderExcelSheet" data-provider="RediffExcelDataWithDataProvider" finished-at="2024-03-25T10:57:56 PDT" duration-ms="11811" status="PASS">
          <params>
            <param index="0">
              <value>
                <![CDATA[seleniumpanda@rediffmail.com]]>
              </value>
            </param>
            <param index="1">
              <value>
                <![CDATA[Selenium@123]]>
              </value>
            </param>
          </params>
          <reporter-output>
          </reporter-output>
        </test-method> <!-- loginWithValidCredentialsUsingDataProviderExcelSheet -->
        <test-method is-config="true" signature="tearDown()[pri:0, instance:com.rediff.S1.testcases.Login_Page_Test@74f0ea28]" started-at="2024-03-25T10:57:56 PDT" name="tearDown" finished-at="2024-03-25T10:57:56 PDT" duration-ms="236" status="PASS">
          <reporter-output>
          </reporter-output>
        </test-method> <!-- tearDown -->
        <test-method is-config="true" signature="setUp()[pri:0, instance:com.rediff.S1.testcases.Login_Page_Test@74f0ea28]" started-at="2024-03-25T10:57:56 PDT" name="setUp" finished-at="2024-03-25T10:58:01 PDT" duration-ms="5088" status="PASS">
          <reporter-output>
          </reporter-output>
        </test-method> <!-- setUp -->
        <test-method signature="loginWithValidCredentialsUsingDataProviderExcelSheet(java.lang.String,java.lang.String)[pri:2, instance:com.rediff.S1.testcases.Login_Page_Test@74f0ea28]" started-at="2024-03-25T10:58:01 PDT" name="loginWithValidCredentialsUsingDataProviderExcelSheet" data-provider="RediffExcelDataWithDataProvider" finished-at="2024-03-25T10:58:21 PDT" duration-ms="19573" status="PASS">
          <params>
            <param index="0">
              <value>
                <![CDATA[seleniumpanda1@rediffmail.com]]>
              </value>
            </param>
            <param index="1">
              <value>
                <![CDATA[Donkey@123]]>
              </value>
            </param>
          </params>
          <reporter-output>
          </reporter-output>
        </test-method> <!-- loginWithValidCredentialsUsingDataProviderExcelSheet -->
        <test-method is-config="true" signature="tearDown()[pri:0, instance:com.rediff.S1.testcases.Login_Page_Test@74f0ea28]" started-at="2024-03-25T10:58:21 PDT" name="tearDown" finished-at="2024-03-25T10:58:21 PDT" duration-ms="253" status="PASS">
          <reporter-output>
          </reporter-output>
        </test-method> <!-- tearDown -->
        <test-method is-config="true" signature="setUp()[pri:0, instance:com.rediff.S1.testcases.Login_Page_Test@74f0ea28]" started-at="2024-03-25T10:58:21 PDT" name="setUp" finished-at="2024-03-25T10:58:26 PDT" duration-ms="4797" status="PASS">
          <reporter-output>
          </reporter-output>
        </test-method> <!-- setUp -->
        <test-method signature="loginWithValidCredentialsUsingDataProviderExcelSheet(java.lang.String,java.lang.String)[pri:2, instance:com.rediff.S1.testcases.Login_Page_Test@74f0ea28]" started-at="2024-03-25T10:58:26 PDT" name="loginWithValidCredentialsUsingDataProviderExcelSheet" data-provider="RediffExcelDataWithDataProvider" finished-at="2024-03-25T10:58:40 PDT" duration-ms="14253" status="PASS">
          <params>
            <param index="0">
              <value>
                <![CDATA[sarthakkumarpanda@rediffmail.com]]>
              </value>
            </param>
            <param index="1">
              <value>
                <![CDATA[Selenium@123]]>
              </value>
            </param>
          </params>
          <reporter-output>
          </reporter-output>
        </test-method> <!-- loginWithValidCredentialsUsingDataProviderExcelSheet -->
        <test-method is-config="true" signature="tearDown()[pri:0, instance:com.rediff.S1.testcases.Login_Page_Test@74f0ea28]" started-at="2024-03-25T10:58:40 PDT" name="tearDown" finished-at="2024-03-25T10:58:41 PDT" duration-ms="228" status="PASS">
          <reporter-output>
          </reporter-output>
        </test-method> <!-- tearDown -->
        <test-method is-config="true" signature="setUp()[pri:0, instance:com.rediff.S1.testcases.Login_Page_Test@74f0ea28]" started-at="2024-03-25T10:58:41 PDT" name="setUp" finished-at="2024-03-25T10:58:45 PDT" duration-ms="4144" status="PASS">
          <reporter-output>
          </reporter-output>
        </test-method> <!-- setUp -->
        <test-method signature="loginWithValidCredentialsUsingDataProviderExcelSheet(java.lang.String,java.lang.String)[pri:2, instance:com.rediff.S1.testcases.Login_Page_Test@74f0ea28]" started-at="2024-03-25T10:58:45 PDT" name="loginWithValidCredentialsUsingDataProviderExcelSheet" data-provider="RediffExcelDataWithDataProvider" finished-at="2024-03-25T10:58:59 PDT" duration-ms="13835" status="PASS">
          <params>
            <param index="0">
              <value>
                <![CDATA[Mohamedboudguig@rediffmail.com]]>
              </value>
            </param>
            <param index="1">
              <value>
                <![CDATA[Medbdg0707@]]>
              </value>
            </param>
          </params>
          <reporter-output>
          </reporter-output>
        </test-method> <!-- loginWithValidCredentialsUsingDataProviderExcelSheet -->
        <test-method is-config="true" signature="tearDown()[pri:0, instance:com.rediff.S1.testcases.Login_Page_Test@74f0ea28]" started-at="2024-03-25T10:58:59 PDT" name="tearDown" finished-at="2024-03-25T10:58:59 PDT" duration-ms="226" status="PASS">
          <reporter-output>
          </reporter-output>
        </test-method> <!-- tearDown -->
        <test-method is-config="true" signature="setUp()[pri:0, instance:com.rediff.S1.testcases.Login_Page_Test@74f0ea28]" started-at="2024-03-25T10:58:59 PDT" name="setUp" finished-at="2024-03-25T10:59:03 PDT" duration-ms="4224" status="PASS">
          <reporter-output>
          </reporter-output>
        </test-method> <!-- setUp -->
        <test-method signature="loginWithInvalidCredetials()[pri:3, instance:com.rediff.S1.testcases.Login_Page_Test@74f0ea28]" started-at="2024-03-25T10:59:03 PDT" name="loginWithInvalidCredetials" finished-at="2024-03-25T10:59:05 PDT" duration-ms="2467" status="PASS">
          <reporter-output>
          </reporter-output>
        </test-method> <!-- loginWithInvalidCredetials -->
        <test-method is-config="true" signature="tearDown()[pri:0, instance:com.rediff.S1.testcases.Login_Page_Test@74f0ea28]" started-at="2024-03-25T10:59:05 PDT" name="tearDown" finished-at="2024-03-25T10:59:06 PDT" duration-ms="166" status="PASS">
          <reporter-output>
          </reporter-output>
        </test-method> <!-- tearDown -->
        <test-method is-config="true" signature="setUp()[pri:0, instance:com.rediff.S1.testcases.Login_Page_Test@74f0ea28]" started-at="2024-03-25T10:59:06 PDT" name="setUp" finished-at="2024-03-25T10:59:10 PDT" duration-ms="4555" status="PASS">
          <reporter-output>
          </reporter-output>
        </test-method> <!-- setUp -->
        <test-method signature="loginWithValidUsernameInvalidPassword()[pri:4, instance:com.rediff.S1.testcases.Login_Page_Test@74f0ea28]" started-at="2024-03-25T10:59:10 PDT" name="loginWithValidUsernameInvalidPassword" finished-at="2024-03-25T10:59:21 PDT" duration-ms="10483" status="PASS">
          <reporter-output>
          </reporter-output>
        </test-method> <!-- loginWithValidUsernameInvalidPassword -->
        <test-method is-config="true" signature="tearDown()[pri:0, instance:com.rediff.S1.testcases.Login_Page_Test@74f0ea28]" started-at="2024-03-25T10:59:21 PDT" name="tearDown" finished-at="2024-03-25T10:59:21 PDT" duration-ms="201" status="PASS">
          <reporter-output>
          </reporter-output>
        </test-method> <!-- tearDown -->
        <test-method is-config="true" signature="setUp()[pri:0, instance:com.rediff.S1.testcases.Login_Page_Test@74f0ea28]" started-at="2024-03-25T10:59:21 PDT" name="setUp" finished-at="2024-03-25T10:59:26 PDT" duration-ms="4688" status="PASS">
          <reporter-output>
          </reporter-output>
        </test-method> <!-- setUp -->
        <test-method signature="loginWithInValidUsernameValidPassword()[pri:5, instance:com.rediff.S1.testcases.Login_Page_Test@74f0ea28]" started-at="2024-03-25T10:59:26 PDT" name="loginWithInValidUsernameValidPassword" finished-at="2024-03-25T10:59:28 PDT" duration-ms="2329" status="PASS">
          <reporter-output>
          </reporter-output>
        </test-method> <!-- loginWithInValidUsernameValidPassword -->
        <test-method is-config="true" signature="tearDown()[pri:0, instance:com.rediff.S1.testcases.Login_Page_Test@74f0ea28]" started-at="2024-03-25T10:59:28 PDT" name="tearDown" finished-at="2024-03-25T10:59:28 PDT" duration-ms="167" status="PASS">
          <reporter-output>
          </reporter-output>
        </test-method> <!-- tearDown -->
        <test-method is-config="true" signature="setUp()[pri:0, instance:com.rediff.S1.testcases.Login_Page_Test@74f0ea28]" started-at="2024-03-25T10:59:28 PDT" name="setUp" finished-at="2024-03-25T10:59:32 PDT" duration-ms="4257" status="PASS">
          <reporter-output>
          </reporter-output>
        </test-method> <!-- setUp -->
        <test-method signature="loginWithNoCredentials()[pri:6, instance:com.rediff.S1.testcases.Login_Page_Test@74f0ea28]" started-at="2024-03-25T10:59:32 PDT" name="loginWithNoCredentials" finished-at="2024-03-25T10:59:34 PDT" duration-ms="1350" status="PASS">
          <reporter-output>
          </reporter-output>
        </test-method> <!-- loginWithNoCredentials -->
        <test-method is-config="true" signature="tearDown()[pri:0, instance:com.rediff.S1.testcases.Login_Page_Test@74f0ea28]" started-at="2024-03-25T10:59:34 PDT" name="tearDown" finished-at="2024-03-25T10:59:34 PDT" duration-ms="176" status="PASS">
          <reporter-output>
          </reporter-output>
        </test-method> <!-- tearDown -->
      </class> <!-- com.rediff.S1.testcases.Login_Page_Test -->
      <class name="com.rediff.S1.testcases.Rediff_Home_Button_Page_Test">
        <test-method is-config="true" signature="setUp()[pri:0, instance:com.rediff.S1.testcases.Rediff_Home_Button_Page_Test@3349e9bb]" started-at="2024-03-25T11:00:10 PDT" name="setUp" finished-at="2024-03-25T11:00:17 PDT" duration-ms="7262" status="PASS">
          <reporter-output>
          </reporter-output>
        </test-method> <!-- setUp -->
        <test-method signature="presenceOfRediffLogo()[pri:0, instance:com.rediff.S1.testcases.Rediff_Home_Button_Page_Test@3349e9bb]" started-at="2024-03-25T11:00:17 PDT" name="presenceOfRediffLogo" finished-at="2024-03-25T11:00:29 PDT" duration-ms="11863" status="PASS">
          <reporter-output>
          </reporter-output>
        </test-method> <!-- presenceOfRediffLogo -->
        <test-method is-config="true" signature="tearDown()[pri:0, instance:com.rediff.S1.testcases.Rediff_Home_Button_Page_Test@3349e9bb]" started-at="2024-03-25T11:00:29 PDT" name="tearDown" finished-at="2024-03-25T11:00:29 PDT" duration-ms="274" status="PASS">
          <reporter-output>
          </reporter-output>
        </test-method> <!-- tearDown -->
      </class> <!-- com.rediff.S1.testcases.Rediff_Home_Button_Page_Test -->
      <class name="com.rediff.S1.testcases.Logout_Page_Test">
        <test-method is-config="true" signature="setUp()[pri:0, instance:com.rediff.S1.testcases.Logout_Page_Test@3c19aaa5]" started-at="2024-03-25T10:59:50 PDT" name="setUp" finished-at="2024-03-25T10:59:56 PDT" duration-ms="6922" status="PASS">
          <reporter-output>
          </reporter-output>
        </test-method> <!-- setUp -->
        <test-method signature="signOutMessageIsDisplayed()[pri:0, instance:com.rediff.S1.testcases.Logout_Page_Test@3c19aaa5]" started-at="2024-03-25T10:59:56 PDT" name="signOutMessageIsDisplayed" finished-at="2024-03-25T11:00:09 PDT" duration-ms="12730" status="PASS">
          <reporter-output>
          </reporter-output>
        </test-method> <!-- signOutMessageIsDisplayed -->
        <test-method is-config="true" signature="tearDown()[pri:0, instance:com.rediff.S1.testcases.Logout_Page_Test@3c19aaa5]" started-at="2024-03-25T11:00:09 PDT" name="tearDown" finished-at="2024-03-25T11:00:10 PDT" duration-ms="292" status="PASS">
          <reporter-output>
          </reporter-output>
        </test-method> <!-- tearDown -->
      </class> <!-- com.rediff.S1.testcases.Logout_Page_Test -->
      <class name="com.rediff.S1.testcases.Inbox_Page_Test">
        <test-method is-config="true" signature="setUp()[pri:0, instance:com.rediff.S1.testcases.Inbox_Page_Test@f6efaab]" started-at="2024-03-25T10:59:34 PDT" name="setUp" finished-at="2024-03-25T10:59:41 PDT" duration-ms="6821" status="PASS">
          <reporter-output>
          </reporter-output>
        </test-method> <!-- setUp -->
        <test-method signature="presenceOfInboxButton()[pri:1, instance:com.rediff.S1.testcases.Inbox_Page_Test@f6efaab]" started-at="2024-03-25T10:59:41 PDT" name="presenceOfInboxButton" finished-at="2024-03-25T10:59:49 PDT" duration-ms="8718" status="PASS">
          <reporter-output>
          </reporter-output>
        </test-method> <!-- presenceOfInboxButton -->
        <test-method is-config="true" signature="tearDown()[pri:0, instance:com.rediff.S1.testcases.Inbox_Page_Test@f6efaab]" started-at="2024-03-25T10:59:49 PDT" name="tearDown" finished-at="2024-03-25T10:59:50 PDT" duration-ms="205" status="PASS">
          <reporter-output>
          </reporter-output>
        </test-method> <!-- tearDown -->
      </class> <!-- com.rediff.S1.testcases.Inbox_Page_Test -->
      <class name="com.rediff.S1.testcases.Sign_In_Link_Page_Test">
        <test-method is-config="true" signature="setUp()[pri:0, instance:com.rediff.S1.testcases.Sign_In_Link_Page_Test@1283bb96]" started-at="2024-03-25T10:55:42 PDT" name="setUp" finished-at="2024-03-25T10:55:46 PDT" duration-ms="3939" status="PASS">
          <reporter-output>
          </reporter-output>
        </test-method> <!-- setUp -->
        <test-method signature="signInLinkButtonIsDisplayed()[pri:0, instance:com.rediff.S1.testcases.Sign_In_Link_Page_Test@1283bb96]" started-at="2024-03-25T10:55:46 PDT" name="signInLinkButtonIsDisplayed" finished-at="2024-03-25T10:55:46 PDT" duration-ms="116" status="PASS">
          <reporter-output>
          </reporter-output>
        </test-method> <!-- signInLinkButtonIsDisplayed -->
        <test-method is-config="true" signature="tearDown()[pri:0, instance:com.rediff.S1.testcases.Sign_In_Link_Page_Test@1283bb96]" started-at="2024-03-25T10:55:46 PDT" name="tearDown" finished-at="2024-03-25T10:55:47 PDT" duration-ms="159" status="PASS">
          <reporter-output>
          </reporter-output>
        </test-method> <!-- tearDown -->
      </class> <!-- com.rediff.S1.testcases.Sign_In_Link_Page_Test -->
    </test> <!-- Rediff S1 Test Cases -->
  </suite> <!-- Rediff Automation S1 Suite -->
</testng-results>
