<?xml version="1.0" encoding="UTF-8"?>
<testng-results ignored="0" total="22" passed="22" failed="0" skipped="0">
  <reporter-output>
  </reporter-output>
  <suite started-at="2024-03-27T14:27:13 PDT" name="Rediff Automation S1 Suite" finished-at="2024-03-27T14:31:36 PDT" duration-ms="262636">
    <groups>
    </groups>
    <test started-at="2024-03-27T14:27:13 PDT" name="Rediff S1 Test Cases" finished-at="2024-03-27T14:31:36 PDT" duration-ms="262636">
      <class name="com.rediff.S1.testcases.Landing_Page_Test">
        <test-method is-config="true" signature="setUp()[pri:0, instance:com.rediff.S1.testcases.Landing_Page_Test@548d708a]" started-at="2024-03-27T14:27:13 PDT" name="setUp" finished-at="2024-03-27T14:27:16 PDT" duration-ms="2365" status="PASS">
          <reporter-output>
          </reporter-output>
        </test-method> <!-- setUp -->
        <test-method signature="validateCurrentUrlAndTile()[pri:1, instance:com.rediff.S1.testcases.Landing_Page_Test@548d708a]" started-at="2024-03-27T14:27:16 PDT" name="validateCurrentUrlAndTile" finished-at="2024-03-27T14:27:16 PDT" duration-ms="48" status="PASS">
          <reporter-output>
          </reporter-output>
        </test-method> <!-- validateCurrentUrlAndTile -->
        <test-method is-config="true" signature="tearDown()[pri:0, instance:com.rediff.S1.testcases.Landing_Page_Test@548d708a]" started-at="2024-03-27T14:27:16 PDT" name="tearDown" finished-at="2024-03-27T14:27:16 PDT" duration-ms="130" status="PASS">
          <reporter-output>
          </reporter-output>
        </test-method> <!-- tearDown -->
        <test-method is-config="true" signature="setUp()[pri:0, instance:com.rediff.S1.testcases.Landing_Page_Test@548d708a]" started-at="2024-03-27T14:27:16 PDT" name="setUp" finished-at="2024-03-27T14:27:18 PDT" duration-ms="1708" status="PASS">
          <reporter-output>
          </reporter-output>
        </test-method> <!-- setUp -->
        <test-method signature="signInButtonIsDisplayedAndEnabled()[pri:2, instance:com.rediff.S1.testcases.Landing_Page_Test@548d708a]" started-at="2024-03-27T14:27:18 PDT" name="signInButtonIsDisplayedAndEnabled" finished-at="2024-03-27T14:27:18 PDT" duration-ms="84" status="PASS">
          <reporter-output>
          </reporter-output>
        </test-method> <!-- signInButtonIsDisplayedAndEnabled -->
        <test-method is-config="true" signature="tearDown()[pri:0, instance:com.rediff.S1.testcases.Landing_Page_Test@548d708a]" started-at="2024-03-27T14:27:18 PDT" name="tearDown" finished-at="2024-03-27T14:27:18 PDT" duration-ms="144" status="PASS">
          <reporter-output>
          </reporter-output>
        </test-method> <!-- tearDown -->
        <test-method is-config="true" signature="setUp()[pri:0, instance:com.rediff.S1.testcases.Landing_Page_Test@548d708a]" started-at="2024-03-27T14:27:18 PDT" name="setUp" finished-at="2024-03-27T14:27:20 PDT" duration-ms="1797" status="PASS">
          <reporter-output>
          </reporter-output>
        </test-method> <!-- setUp -->
        <test-method signature="rediffLogoIsDisplayed()[pri:3, instance:com.rediff.S1.testcases.Landing_Page_Test@548d708a]" started-at="2024-03-27T14:27:20 PDT" name="rediffLogoIsDisplayed" finished-at="2024-03-27T14:27:20 PDT" duration-ms="43" status="PASS">
          <reporter-output>
          </reporter-output>
        </test-method> <!-- rediffLogoIsDisplayed -->
        <test-method is-config="true" signature="tearDown()[pri:0, instance:com.rediff.S1.testcases.Landing_Page_Test@548d708a]" started-at="2024-03-27T14:27:20 PDT" name="tearDown" finished-at="2024-03-27T14:27:20 PDT" duration-ms="162" status="PASS">
          <reporter-output>
          </reporter-output>
        </test-method> <!-- tearDown -->
      </class> <!-- com.rediff.S1.testcases.Landing_Page_Test -->
      <class name="com.rediff.S1.testcases.Links_Page_Test">
        <test-method is-config="true" signature="setUp()[pri:0, instance:com.rediff.S1.testcases.Links_Page_Test@7c137fd5]" started-at="2024-03-27T14:31:24 PDT" name="setUp" finished-at="2024-03-27T14:31:26 PDT" duration-ms="1807" status="PASS">
          <reporter-output>
          </reporter-output>
        </test-method> <!-- setUp -->
        <test-method signature="linkTests()[pri:0, instance:com.rediff.S1.testcases.Links_Page_Test@7c137fd5]" started-at="2024-03-27T14:31:26 PDT" name="linkTests" finished-at="2024-03-27T14:31:35 PDT" duration-ms="9671" status="PASS">
          <reporter-output>
          </reporter-output>
        </test-method> <!-- linkTests -->
        <test-method is-config="true" signature="tearDown()[pri:0, instance:com.rediff.S1.testcases.Links_Page_Test@7c137fd5]" started-at="2024-03-27T14:31:35 PDT" name="tearDown" finished-at="2024-03-27T14:31:36 PDT" duration-ms="138" status="PASS">
          <reporter-output>
          </reporter-output>
        </test-method> <!-- tearDown -->
      </class> <!-- com.rediff.S1.testcases.Links_Page_Test -->
      <class name="com.rediff.S1.testcases.Login_Page_Test">
        <test-method is-config="true" signature="setUp()[pri:0, instance:com.rediff.S1.testcases.Login_Page_Test@5890e879]" started-at="2024-03-27T14:27:22 PDT" name="setUp" finished-at="2024-03-27T14:27:26 PDT" duration-ms="3852" status="PASS">
          <reporter-output>
          </reporter-output>
        </test-method> <!-- setUp -->
        <test-method signature="loginWithValidCredentials(java.lang.String,java.lang.String)[pri:1, instance:com.rediff.S1.testcases.Login_Page_Test@5890e879]" started-at="2024-03-27T14:27:26 PDT" name="loginWithValidCredentials" data-provider="RediffS1DataProviderSupply" finished-at="2024-03-27T14:27:38 PDT" duration-ms="12708" status="PASS">
          <params>
            <param index="0">
              <value>
                <![CDATA[chowdhurygs@rediffmail.com]]>
              </value>
            </param>
            <param index="1">
              <value>
                <![CDATA[Shajlee1@]]>
              </value>
            </param>
          </params>
          <reporter-output>
          </reporter-output>
        </test-method> <!-- loginWithValidCredentials -->
        <test-method is-config="true" signature="tearDown()[pri:0, instance:com.rediff.S1.testcases.Login_Page_Test@5890e879]" started-at="2024-03-27T14:27:38 PDT" name="tearDown" finished-at="2024-03-27T14:27:39 PDT" duration-ms="173" status="PASS">
          <reporter-output>
          </reporter-output>
        </test-method> <!-- tearDown -->
        <test-method is-config="true" signature="setUp()[pri:0, instance:com.rediff.S1.testcases.Login_Page_Test@5890e879]" started-at="2024-03-27T14:27:39 PDT" name="setUp" finished-at="2024-03-27T14:27:43 PDT" duration-ms="3959" status="PASS">
          <reporter-output>
          </reporter-output>
        </test-method> <!-- setUp -->
        <test-method signature="loginWithValidCredentials(java.lang.String,java.lang.String)[pri:1, instance:com.rediff.S1.testcases.Login_Page_Test@5890e879]" started-at="2024-03-27T14:27:43 PDT" name="loginWithValidCredentials" data-provider="RediffS1DataProviderSupply" finished-at="2024-03-27T14:27:52 PDT" duration-ms="9972" status="PASS">
          <params>
            <param index="0">
              <value>
                <![CDATA[seleniumpanda@rediffmail.com]]>
              </value>
            </param>
            <param index="1">
              <value>
                <![CDATA[Selenium@123]]>
              </value>
            </param>
          </params>
          <reporter-output>
          </reporter-output>
        </test-method> <!-- loginWithValidCredentials -->
        <test-method is-config="true" signature="tearDown()[pri:0, instance:com.rediff.S1.testcases.Login_Page_Test@5890e879]" started-at="2024-03-27T14:27:52 PDT" name="tearDown" finished-at="2024-03-27T14:27:53 PDT" duration-ms="141" status="PASS">
          <reporter-output>
          </reporter-output>
        </test-method> <!-- tearDown -->
        <test-method is-config="true" signature="setUp()[pri:0, instance:com.rediff.S1.testcases.Login_Page_Test@5890e879]" started-at="2024-03-27T14:27:53 PDT" name="setUp" finished-at="2024-03-27T14:27:57 PDT" duration-ms="3894" status="PASS">
          <reporter-output>
          </reporter-output>
        </test-method> <!-- setUp -->
        <test-method signature="loginWithValidCredentials(java.lang.String,java.lang.String)[pri:1, instance:com.rediff.S1.testcases.Login_Page_Test@5890e879]" started-at="2024-03-27T14:27:57 PDT" name="loginWithValidCredentials" data-provider="RediffS1DataProviderSupply" finished-at="2024-03-27T14:28:08 PDT" duration-ms="11545" status="PASS">
          <params>
            <param index="0">
              <value>
                <![CDATA[seleniumpanda1@rediffmail.com]]>
              </value>
            </param>
            <param index="1">
              <value>
                <![CDATA[Donkey@123]]>
              </value>
            </param>
          </params>
          <reporter-output>
          </reporter-output>
        </test-method> <!-- loginWithValidCredentials -->
        <test-method is-config="true" signature="tearDown()[pri:0, instance:com.rediff.S1.testcases.Login_Page_Test@5890e879]" started-at="2024-03-27T14:28:08 PDT" name="tearDown" finished-at="2024-03-27T14:28:08 PDT" duration-ms="181" status="PASS">
          <reporter-output>
          </reporter-output>
        </test-method> <!-- tearDown -->
        <test-method is-config="true" signature="setUp()[pri:0, instance:com.rediff.S1.testcases.Login_Page_Test@5890e879]" started-at="2024-03-27T14:28:08 PDT" name="setUp" finished-at="2024-03-27T14:28:13 PDT" duration-ms="4338" status="PASS">
          <reporter-output>
          </reporter-output>
        </test-method> <!-- setUp -->
        <test-method signature="loginWithValidCredentials(java.lang.String,java.lang.String)[pri:1, instance:com.rediff.S1.testcases.Login_Page_Test@5890e879]" started-at="2024-03-27T14:28:13 PDT" name="loginWithValidCredentials" data-provider="RediffS1DataProviderSupply" finished-at="2024-03-27T14:28:25 PDT" duration-ms="12088" status="PASS">
          <params>
            <param index="0">
              <value>
                <![CDATA[sarthakkumarpanda@rediffmail.com]]>
              </value>
            </param>
            <param index="1">
              <value>
                <![CDATA[Selenium@123]]>
              </value>
            </param>
          </params>
          <reporter-output>
          </reporter-output>
        </test-method> <!-- loginWithValidCredentials -->
        <test-method is-config="true" signature="tearDown()[pri:0, instance:com.rediff.S1.testcases.Login_Page_Test@5890e879]" started-at="2024-03-27T14:28:25 PDT" name="tearDown" finished-at="2024-03-27T14:28:25 PDT" duration-ms="161" status="PASS">
          <reporter-output>
          </reporter-output>
        </test-method> <!-- tearDown -->
        <test-method is-config="true" signature="setUp()[pri:0, instance:com.rediff.S1.testcases.Login_Page_Test@5890e879]" started-at="2024-03-27T14:28:25 PDT" name="setUp" finished-at="2024-03-27T14:28:29 PDT" duration-ms="4142" status="PASS">
          <reporter-output>
          </reporter-output>
        </test-method> <!-- setUp -->
        <test-method signature="loginWithValidCredentials(java.lang.String,java.lang.String)[pri:1, instance:com.rediff.S1.testcases.Login_Page_Test@5890e879]" started-at="2024-03-27T14:28:29 PDT" name="loginWithValidCredentials" data-provider="RediffS1DataProviderSupply" finished-at="2024-03-27T14:28:42 PDT" duration-ms="12943" status="PASS">
          <params>
            <param index="0">
              <value>
                <![CDATA[Mohamedboudguig@rediffmail.com]]>
              </value>
            </param>
            <param index="1">
              <value>
                <![CDATA[Medbdg0707@]]>
              </value>
            </param>
          </params>
          <reporter-output>
          </reporter-output>
        </test-method> <!-- loginWithValidCredentials -->
        <test-method is-config="true" signature="tearDown()[pri:0, instance:com.rediff.S1.testcases.Login_Page_Test@5890e879]" started-at="2024-03-27T14:28:42 PDT" name="tearDown" finished-at="2024-03-27T14:28:42 PDT" duration-ms="189" status="PASS">
          <reporter-output>
          </reporter-output>
        </test-method> <!-- tearDown -->
        <test-method is-config="true" signature="setUp()[pri:0, instance:com.rediff.S1.testcases.Login_Page_Test@5890e879]" started-at="2024-03-27T14:28:43 PDT" name="setUp" finished-at="2024-03-27T14:28:47 PDT" duration-ms="4203" status="PASS">
          <reporter-output>
          </reporter-output>
        </test-method> <!-- setUp -->
        <test-method signature="loginWithValidCredentialsUsingDataProviderExcelSheet(java.lang.String,java.lang.String)[pri:2, instance:com.rediff.S1.testcases.Login_Page_Test@5890e879]" started-at="2024-03-27T14:28:47 PDT" name="loginWithValidCredentialsUsingDataProviderExcelSheet" data-provider="RediffExcelDataWithDataProvider" finished-at="2024-03-27T14:28:59 PDT" duration-ms="11852" status="PASS">
          <params>
            <param index="0">
              <value>
                <![CDATA[chowdhurygs@rediffmail.com]]>
              </value>
            </param>
            <param index="1">
              <value>
                <![CDATA[Shajlee1@]]>
              </value>
            </param>
          </params>
          <reporter-output>
          </reporter-output>
        </test-method> <!-- loginWithValidCredentialsUsingDataProviderExcelSheet -->
        <test-method is-config="true" signature="tearDown()[pri:0, instance:com.rediff.S1.testcases.Login_Page_Test@5890e879]" started-at="2024-03-27T14:28:59 PDT" name="tearDown" finished-at="2024-03-27T14:28:59 PDT" duration-ms="154" status="PASS">
          <reporter-output>
          </reporter-output>
        </test-method> <!-- tearDown -->
        <test-method is-config="true" signature="setUp()[pri:0, instance:com.rediff.S1.testcases.Login_Page_Test@5890e879]" started-at="2024-03-27T14:28:59 PDT" name="setUp" finished-at="2024-03-27T14:29:03 PDT" duration-ms="3937" status="PASS">
          <reporter-output>
          </reporter-output>
        </test-method> <!-- setUp -->
        <test-method signature="loginWithValidCredentialsUsingDataProviderExcelSheet(java.lang.String,java.lang.String)[pri:2, instance:com.rediff.S1.testcases.Login_Page_Test@5890e879]" started-at="2024-03-27T14:29:03 PDT" name="loginWithValidCredentialsUsingDataProviderExcelSheet" data-provider="RediffExcelDataWithDataProvider" finished-at="2024-03-27T14:29:13 PDT" duration-ms="9359" status="PASS">
          <params>
            <param index="0">
              <value>
                <![CDATA[seleniumpanda@rediffmail.com]]>
              </value>
            </param>
            <param index="1">
              <value>
                <![CDATA[Selenium@123]]>
              </value>
            </param>
          </params>
          <reporter-output>
          </reporter-output>
        </test-method> <!-- loginWithValidCredentialsUsingDataProviderExcelSheet -->
        <test-method is-config="true" signature="tearDown()[pri:0, instance:com.rediff.S1.testcases.Login_Page_Test@5890e879]" started-at="2024-03-27T14:29:13 PDT" name="tearDown" finished-at="2024-03-27T14:29:13 PDT" duration-ms="176" status="PASS">
          <reporter-output>
          </reporter-output>
        </test-method> <!-- tearDown -->
        <test-method is-config="true" signature="setUp()[pri:0, instance:com.rediff.S1.testcases.Login_Page_Test@5890e879]" started-at="2024-03-27T14:29:13 PDT" name="setUp" finished-at="2024-03-27T14:29:17 PDT" duration-ms="4057" status="PASS">
          <reporter-output>
          </reporter-output>
        </test-method> <!-- setUp -->
        <test-method signature="loginWithValidCredentialsUsingDataProviderExcelSheet(java.lang.String,java.lang.String)[pri:2, instance:com.rediff.S1.testcases.Login_Page_Test@5890e879]" started-at="2024-03-27T14:29:17 PDT" name="loginWithValidCredentialsUsingDataProviderExcelSheet" data-provider="RediffExcelDataWithDataProvider" finished-at="2024-03-27T14:29:27 PDT" duration-ms="9685" status="PASS">
          <params>
            <param index="0">
              <value>
                <![CDATA[seleniumpanda1@rediffmail.com]]>
              </value>
            </param>
            <param index="1">
              <value>
                <![CDATA[Donkey@123]]>
              </value>
            </param>
          </params>
          <reporter-output>
          </reporter-output>
        </test-method> <!-- loginWithValidCredentialsUsingDataProviderExcelSheet -->
        <test-method is-config="true" signature="tearDown()[pri:0, instance:com.rediff.S1.testcases.Login_Page_Test@5890e879]" started-at="2024-03-27T14:29:27 PDT" name="tearDown" finished-at="2024-03-27T14:29:27 PDT" duration-ms="173" status="PASS">
          <reporter-output>
          </reporter-output>
        </test-method> <!-- tearDown -->
        <test-method is-config="true" signature="setUp()[pri:0, instance:com.rediff.S1.testcases.Login_Page_Test@5890e879]" started-at="2024-03-27T14:29:27 PDT" name="setUp" finished-at="2024-03-27T14:29:31 PDT" duration-ms="4653" status="PASS">
          <reporter-output>
          </reporter-output>
        </test-method> <!-- setUp -->
        <test-method signature="loginWithValidCredentialsUsingDataProviderExcelSheet(java.lang.String,java.lang.String)[pri:2, instance:com.rediff.S1.testcases.Login_Page_Test@5890e879]" started-at="2024-03-27T14:29:31 PDT" name="loginWithValidCredentialsUsingDataProviderExcelSheet" data-provider="RediffExcelDataWithDataProvider" finished-at="2024-03-27T14:29:43 PDT" duration-ms="11508" status="PASS">
          <params>
            <param index="0">
              <value>
                <![CDATA[sarthakkumarpanda@rediffmail.com]]>
              </value>
            </param>
            <param index="1">
              <value>
                <![CDATA[Selenium@123]]>
              </value>
            </param>
          </params>
          <reporter-output>
          </reporter-output>
        </test-method> <!-- loginWithValidCredentialsUsingDataProviderExcelSheet -->
        <test-method is-config="true" signature="tearDown()[pri:0, instance:com.rediff.S1.testcases.Login_Page_Test@5890e879]" started-at="2024-03-27T14:29:43 PDT" name="tearDown" finished-at="2024-03-27T14:29:43 PDT" duration-ms="150" status="PASS">
          <reporter-output>
          </reporter-output>
        </test-method> <!-- tearDown -->
        <test-method is-config="true" signature="setUp()[pri:0, instance:com.rediff.S1.testcases.Login_Page_Test@5890e879]" started-at="2024-03-27T14:29:43 PDT" name="setUp" finished-at="2024-03-27T14:29:47 PDT" duration-ms="3771" status="PASS">
          <reporter-output>
          </reporter-output>
        </test-method> <!-- setUp -->
        <test-method signature="loginWithValidCredentialsUsingDataProviderExcelSheet(java.lang.String,java.lang.String)[pri:2, instance:com.rediff.S1.testcases.Login_Page_Test@5890e879]" started-at="2024-03-27T14:29:47 PDT" name="loginWithValidCredentialsUsingDataProviderExcelSheet" data-provider="RediffExcelDataWithDataProvider" finished-at="2024-03-27T14:29:58 PDT" duration-ms="11424" status="PASS">
          <params>
            <param index="0">
              <value>
                <![CDATA[Mohamedboudguig@rediffmail.com]]>
              </value>
            </param>
            <param index="1">
              <value>
                <![CDATA[Medbdg0707@]]>
              </value>
            </param>
          </params>
          <reporter-output>
          </reporter-output>
        </test-method> <!-- loginWithValidCredentialsUsingDataProviderExcelSheet -->
        <test-method is-config="true" signature="tearDown()[pri:0, instance:com.rediff.S1.testcases.Login_Page_Test@5890e879]" started-at="2024-03-27T14:29:58 PDT" name="tearDown" finished-at="2024-03-27T14:29:58 PDT" duration-ms="187" status="PASS">
          <reporter-output>
          </reporter-output>
        </test-method> <!-- tearDown -->
        <test-method is-config="true" signature="setUp()[pri:0, instance:com.rediff.S1.testcases.Login_Page_Test@5890e879]" started-at="2024-03-27T14:29:58 PDT" name="setUp" finished-at="2024-03-27T14:30:02 PDT" duration-ms="3885" status="PASS">
          <reporter-output>
          </reporter-output>
        </test-method> <!-- setUp -->
        <test-method signature="loginWithInvalidCredetials()[pri:3, instance:com.rediff.S1.testcases.Login_Page_Test@5890e879]" started-at="2024-03-27T14:30:02 PDT" name="loginWithInvalidCredetials" finished-at="2024-03-27T14:30:05 PDT" duration-ms="2239" status="PASS">
          <reporter-output>
          </reporter-output>
        </test-method> <!-- loginWithInvalidCredetials -->
        <test-method is-config="true" signature="tearDown()[pri:0, instance:com.rediff.S1.testcases.Login_Page_Test@5890e879]" started-at="2024-03-27T14:30:05 PDT" name="tearDown" finished-at="2024-03-27T14:30:05 PDT" duration-ms="138" status="PASS">
          <reporter-output>
          </reporter-output>
        </test-method> <!-- tearDown -->
        <test-method is-config="true" signature="setUp()[pri:0, instance:com.rediff.S1.testcases.Login_Page_Test@5890e879]" started-at="2024-03-27T14:30:05 PDT" name="setUp" finished-at="2024-03-27T14:30:08 PDT" duration-ms="3723" status="PASS">
          <reporter-output>
          </reporter-output>
        </test-method> <!-- setUp -->
        <test-method signature="loginWithValidUsernameInvalidPassword()[pri:4, instance:com.rediff.S1.testcases.Login_Page_Test@5890e879]" started-at="2024-03-27T14:30:08 PDT" name="loginWithValidUsernameInvalidPassword" finished-at="2024-03-27T14:30:16 PDT" duration-ms="7329" status="PASS">
          <reporter-output>
          </reporter-output>
        </test-method> <!-- loginWithValidUsernameInvalidPassword -->
        <test-method is-config="true" signature="tearDown()[pri:0, instance:com.rediff.S1.testcases.Login_Page_Test@5890e879]" started-at="2024-03-27T14:30:16 PDT" name="tearDown" finished-at="2024-03-27T14:30:16 PDT" duration-ms="140" status="PASS">
          <reporter-output>
          </reporter-output>
        </test-method> <!-- tearDown -->
        <test-method is-config="true" signature="setUp()[pri:0, instance:com.rediff.S1.testcases.Login_Page_Test@5890e879]" started-at="2024-03-27T14:30:16 PDT" name="setUp" finished-at="2024-03-27T14:30:20 PDT" duration-ms="4050" status="PASS">
          <reporter-output>
          </reporter-output>
        </test-method> <!-- setUp -->
        <test-method signature="loginWithInValidUsernameValidPassword()[pri:5, instance:com.rediff.S1.testcases.Login_Page_Test@5890e879]" started-at="2024-03-27T14:30:20 PDT" name="loginWithInValidUsernameValidPassword" finished-at="2024-03-27T14:30:22 PDT" duration-ms="2246" status="PASS">
          <reporter-output>
          </reporter-output>
        </test-method> <!-- loginWithInValidUsernameValidPassword -->
        <test-method is-config="true" signature="tearDown()[pri:0, instance:com.rediff.S1.testcases.Login_Page_Test@5890e879]" started-at="2024-03-27T14:30:22 PDT" name="tearDown" finished-at="2024-03-27T14:30:22 PDT" duration-ms="140" status="PASS">
          <reporter-output>
          </reporter-output>
        </test-method> <!-- tearDown -->
        <test-method is-config="true" signature="setUp()[pri:0, instance:com.rediff.S1.testcases.Login_Page_Test@5890e879]" started-at="2024-03-27T14:30:22 PDT" name="setUp" finished-at="2024-03-27T14:30:27 PDT" duration-ms="4192" status="PASS">
          <reporter-output>
          </reporter-output>
        </test-method> <!-- setUp -->
        <test-method signature="loginWithNoCredentials()[pri:6, instance:com.rediff.S1.testcases.Login_Page_Test@5890e879]" started-at="2024-03-27T14:30:27 PDT" name="loginWithNoCredentials" finished-at="2024-03-27T14:30:28 PDT" duration-ms="1238" status="PASS">
          <reporter-output>
          </reporter-output>
        </test-method> <!-- loginWithNoCredentials -->
        <test-method is-config="true" signature="tearDown()[pri:0, instance:com.rediff.S1.testcases.Login_Page_Test@5890e879]" started-at="2024-03-27T14:30:28 PDT" name="tearDown" finished-at="2024-03-27T14:30:28 PDT" duration-ms="152" status="PASS">
          <reporter-output>
          </reporter-output>
        </test-method> <!-- tearDown -->
      </class> <!-- com.rediff.S1.testcases.Login_Page_Test -->
      <class name="com.rediff.S1.testcases.Rediff_Home_Button_Page_Test">
        <test-method is-config="true" signature="setUp()[pri:0, instance:com.rediff.S1.testcases.Rediff_Home_Button_Page_Test@231f98ef]" started-at="2024-03-27T14:31:04 PDT" name="setUp" finished-at="2024-03-27T14:31:11 PDT" duration-ms="6985" status="PASS">
          <reporter-output>
          </reporter-output>
        </test-method> <!-- setUp -->
        <test-method signature="presenceOfRediffLogo()[pri:0, instance:com.rediff.S1.testcases.Rediff_Home_Button_Page_Test@231f98ef]" started-at="2024-03-27T14:31:11 PDT" name="presenceOfRediffLogo" finished-at="2024-03-27T14:31:24 PDT" duration-ms="12589" status="PASS">
          <reporter-output>
          </reporter-output>
        </test-method> <!-- presenceOfRediffLogo -->
        <test-method is-config="true" signature="tearDown()[pri:0, instance:com.rediff.S1.testcases.Rediff_Home_Button_Page_Test@231f98ef]" started-at="2024-03-27T14:31:24 PDT" name="tearDown" finished-at="2024-03-27T14:31:24 PDT" duration-ms="165" status="PASS">
          <reporter-output>
          </reporter-output>
        </test-method> <!-- tearDown -->
      </class> <!-- com.rediff.S1.testcases.Rediff_Home_Button_Page_Test -->
      <class name="com.rediff.S1.testcases.Logout_Page_Test">
        <test-method is-config="true" signature="setUp()[pri:0, instance:com.rediff.S1.testcases.Logout_Page_Test@31ea9581]" started-at="2024-03-27T14:30:44 PDT" name="setUp" finished-at="2024-03-27T14:30:50 PDT" duration-ms="6015" status="PASS">
          <reporter-output>
          </reporter-output>
        </test-method> <!-- setUp -->
        <test-method signature="signOutMessageIsDisplayed()[pri:0, instance:com.rediff.S1.testcases.Logout_Page_Test@31ea9581]" started-at="2024-03-27T14:30:50 PDT" name="signOutMessageIsDisplayed" finished-at="2024-03-27T14:31:04 PDT" duration-ms="14280" status="PASS">
          <reporter-output>
          </reporter-output>
        </test-method> <!-- signOutMessageIsDisplayed -->
        <test-method is-config="true" signature="tearDown()[pri:0, instance:com.rediff.S1.testcases.Logout_Page_Test@31ea9581]" started-at="2024-03-27T14:31:04 PDT" name="tearDown" finished-at="2024-03-27T14:31:04 PDT" duration-ms="167" status="PASS">
          <reporter-output>
          </reporter-output>
        </test-method> <!-- tearDown -->
      </class> <!-- com.rediff.S1.testcases.Logout_Page_Test -->
      <class name="com.rediff.S1.testcases.Inbox_Page_Test">
        <test-method is-config="true" signature="setUp()[pri:0, instance:com.rediff.S1.testcases.Inbox_Page_Test@6440112d]" started-at="2024-03-27T14:30:28 PDT" name="setUp" finished-at="2024-03-27T14:30:34 PDT" duration-ms="6106" status="PASS">
          <reporter-output>
          </reporter-output>
        </test-method> <!-- setUp -->
        <test-method signature="presenceOfInboxButton()[pri:1, instance:com.rediff.S1.testcases.Inbox_Page_Test@6440112d]" started-at="2024-03-27T14:30:34 PDT" name="presenceOfInboxButton" finished-at="2024-03-27T14:30:44 PDT" duration-ms="9525" status="PASS">
          <reporter-output>
          </reporter-output>
        </test-method> <!-- presenceOfInboxButton -->
        <test-method is-config="true" signature="tearDown()[pri:0, instance:com.rediff.S1.testcases.Inbox_Page_Test@6440112d]" started-at="2024-03-27T14:30:44 PDT" name="tearDown" finished-at="2024-03-27T14:30:44 PDT" duration-ms="194" status="PASS">
          <reporter-output>
          </reporter-output>
        </test-method> <!-- tearDown -->
      </class> <!-- com.rediff.S1.testcases.Inbox_Page_Test -->
      <class name="com.rediff.S1.testcases.Sign_In_Link_Page_Test">
        <test-method is-config="true" signature="setUp()[pri:0, instance:com.rediff.S1.testcases.Sign_In_Link_Page_Test@6c284af]" started-at="2024-03-27T14:27:20 PDT" name="setUp" finished-at="2024-03-27T14:27:22 PDT" duration-ms="1847" status="PASS">
          <reporter-output>
          </reporter-output>
        </test-method> <!-- setUp -->
        <test-method signature="signInLinkButtonIsDisplayed()[pri:0, instance:com.rediff.S1.testcases.Sign_In_Link_Page_Test@6c284af]" started-at="2024-03-27T14:27:22 PDT" name="signInLinkButtonIsDisplayed" finished-at="2024-03-27T14:27:22 PDT" duration-ms="49" status="PASS">
          <reporter-output>
          </reporter-output>
        </test-method> <!-- signInLinkButtonIsDisplayed -->
        <test-method is-config="true" signature="tearDown()[pri:0, instance:com.rediff.S1.testcases.Sign_In_Link_Page_Test@6c284af]" started-at="2024-03-27T14:27:22 PDT" name="tearDown" finished-at="2024-03-27T14:27:22 PDT" duration-ms="113" status="PASS">
          <reporter-output>
          </reporter-output>
        </test-method> <!-- tearDown -->
      </class> <!-- com.rediff.S1.testcases.Sign_In_Link_Page_Test -->
    </test> <!-- Rediff S1 Test Cases -->
  </suite> <!-- Rediff Automation S1 Suite -->
</testng-results>
